{"/Users/gongzhen/code/me/poor-utils/src/add/index.ts": {"path":"/Users/gongzhen/code/me/poor-utils/src/add/index.ts","statementMap":{"0":{"start":{"line":7,"column":12},"end":{"line":12,"column":1}},"1":{"start":{"line":8,"column":21},"end":{"line":8,"column":65}},"2":{"start":{"line":9,"column":21},"end":{"line":9,"column":65}},"3":{"start":{"line":10,"column":18},"end":{"line":10,"column":null}},"4":{"start":{"line":11,"column":2},"end":{"line":11,"column":null}},"5":{"start":{"line":14,"column":0},"end":{"line":14,"column":null}}},"fnMap":{"0":{"name":"(anonymous_0)","decl":{"start":{"line":7,"column":12},"end":{"line":7,"column":13}},"loc":{"start":{"line":7,"column":39},"end":{"line":12,"column":1}}}},"branchMap":{"0":{"loc":{"start":{"line":8,"column":22},"end":{"line":8,"column":57}},"type":"binary-expr","locations":[{"start":{"line":8,"column":22},"end":{"line":8,"column":51}},{"start":{"line":8,"column":55},"end":{"line":8,"column":57}}]},"1":{"loc":{"start":{"line":9,"column":22},"end":{"line":9,"column":57}},"type":"binary-expr","locations":[{"start":{"line":9,"column":22},"end":{"line":9,"column":51}},{"start":{"line":9,"column":55},"end":{"line":9,"column":57}}]}},"s":{"0":1,"1":2,"2":2,"3":2,"4":2,"5":1},"f":{"0":2},"b":{"0":[2,1],"1":[2,1]}}
,"/Users/gongzhen/code/me/poor-utils/src/filterEmptyVal/index.ts": {"path":"/Users/gongzhen/code/me/poor-utils/src/filterEmptyVal/index.ts","statementMap":{"0":{"start":{"line":10,"column":23},"end":{"line":19,"column":1}},"1":{"start":{"line":11,"column":19},"end":{"line":11,"column":51}},"2":{"start":{"line":12,"column":2},"end":{"line":16,"column":null}},"3":{"start":{"line":12,"column":23},"end":{"line":12,"column":29}},"4":{"start":{"line":12,"column":23},"end":{"line":12,"column":46}},"5":{"start":{"line":12,"column":13},"end":{"line":12,"column":14}},"6":{"start":{"line":12,"column":15},"end":{"line":12,"column":17}},"7":{"start":{"line":12,"column":18},"end":{"line":12,"column":19}},"8":{"start":{"line":14,"column":4},"end":{"line":15,"column":null}},"9":{"start":{"line":15,"column":6},"end":{"line":15,"column":null}},"10":{"start":{"line":18,"column":2},"end":{"line":18,"column":null}},"11":{"start":{"line":21,"column":0},"end":{"line":21,"column":null}}},"fnMap":{"0":{"name":"(anonymous_0)","decl":{"start":{"line":10,"column":23},"end":{"line":10,"column":24}},"loc":{"start":{"line":10,"column":46},"end":{"line":19,"column":1}}}},"branchMap":{"0":{"loc":{"start":{"line":11,"column":19},"end":{"line":11,"column":51}},"type":"cond-expr","locations":[{"start":{"line":11,"column":44},"end":{"line":11,"column":46}},{"start":{"line":11,"column":49},"end":{"line":11,"column":51}}]},"1":{"loc":{"start":{"line":14,"column":4},"end":{"line":15,"column":null}},"type":"if","locations":[{"start":{"line":14,"column":4},"end":{"line":15,"column":null}}]},"2":{"loc":{"start":{"line":14,"column":10},"end":{"line":14,"column":39}},"type":"binary-expr","locations":[{"start":{"line":14,"column":10},"end":{"line":14,"column":25}},{"start":{"line":14,"column":29},"end":{"line":14,"column":39}}]},"3":{"loc":{"start":{"line":15,"column":15},"end":{"line":15,"column":79}},"type":"cond-expr","locations":[{"start":{"line":15,"column":39},"end":{"line":15,"column":75}},{"start":{"line":15,"column":78},"end":{"line":15,"column":79}}]}},"s":{"0":1,"1":7,"2":7,"3":7,"4":7,"5":16,"6":16,"7":16,"8":16,"9":9,"10":7,"11":1},"f":{"0":7},"b":{"0":[0,7],"1":[9],"2":[16,13],"3":[2,7]}}
}
